{"/mnt/58DCFCE8DCFCC174/software-testing/src/Register.jsx": {"path":"/mnt/58DCFCE8DCFCC174/software-testing/src/Register.jsx","statementMap":{"0":{"start":{"line":11,"column":19},"end":{"line":11,"column":44}},"1":{"start":{"line":12,"column":18},"end":{"line":12,"column":75}},"2":{"start":{"line":13,"column":21},"end":{"line":13,"column":32}},"3":{"start":{"line":16,"column":18},"end":{"line":16,"column":26}},"4":{"start":{"line":17,"column":17},"end":{"line":17,"column":25}},"5":{"start":{"line":19,"column":26},"end":{"line":19,"column":38}},"6":{"start":{"line":20,"column":36},"end":{"line":20,"column":51}},"7":{"start":{"line":21,"column":36},"end":{"line":21,"column":51}},"8":{"start":{"line":23,"column":24},"end":{"line":23,"column":36}},"9":{"start":{"line":24,"column":34},"end":{"line":24,"column":49}},"10":{"start":{"line":25,"column":34},"end":{"line":25,"column":49}},"11":{"start":{"line":27,"column":34},"end":{"line":27,"column":46}},"12":{"start":{"line":28,"column":38},"end":{"line":28,"column":53}},"13":{"start":{"line":29,"column":38},"end":{"line":29,"column":53}},"14":{"start":{"line":31,"column":30},"end":{"line":31,"column":42}},"15":{"start":{"line":32,"column":32},"end":{"line":32,"column":47}},"16":{"start":{"line":33,"column":2},"end":{"line":35,"column":9}},"17":{"start":{"line":34,"column":4},"end":{"line":34,"column":28}},"18":{"start":{"line":37,"column":2},"end":{"line":42,"column":13}},"19":{"start":{"line":38,"column":19},"end":{"line":38,"column":40}},"20":{"start":{"line":39,"column":4},"end":{"line":39,"column":24}},"21":{"start":{"line":40,"column":4},"end":{"line":40,"column":22}},"22":{"start":{"line":41,"column":4},"end":{"line":41,"column":25}},"23":{"start":{"line":44,"column":2},"end":{"line":51,"column":22}},"24":{"start":{"line":45,"column":19},"end":{"line":45,"column":38}},"25":{"start":{"line":46,"column":4},"end":{"line":46,"column":24}},"26":{"start":{"line":47,"column":4},"end":{"line":47,"column":21}},"27":{"start":{"line":48,"column":4},"end":{"line":48,"column":24}},"28":{"start":{"line":49,"column":18},"end":{"line":49,"column":34}},"29":{"start":{"line":50,"column":4},"end":{"line":50,"column":25}},"30":{"start":{"line":53,"column":2},"end":{"line":55,"column":28}},"31":{"start":{"line":54,"column":4},"end":{"line":54,"column":18}},"32":{"start":{"line":58,"column":4},"end":{"line":58,"column":23}},"33":{"start":{"line":60,"column":15},"end":{"line":60,"column":36}},"34":{"start":{"line":61,"column":15},"end":{"line":61,"column":34}},"35":{"start":{"line":63,"column":4},"end":{"line":66,"column":5}},"36":{"start":{"line":64,"column":6},"end":{"line":64,"column":33}},"37":{"start":{"line":65,"column":6},"end":{"line":65,"column":13}},"38":{"start":{"line":68,"column":4},"end":{"line":89,"column":5}},"39":{"start":{"line":69,"column":23},"end":{"line":76,"column":7}},"40":{"start":{"line":77,"column":6},"end":{"line":77,"column":33}},"41":{"start":{"line":78,"column":6},"end":{"line":78,"column":40}},"42":{"start":{"line":79,"column":6},"end":{"line":79,"column":44}},"43":{"start":{"line":80,"column":6},"end":{"line":80,"column":23}},"44":{"start":{"line":82,"column":6},"end":{"line":88,"column":7}},"45":{"start":{"line":83,"column":8},"end":{"line":83,"column":40}},"46":{"start":{"line":84,"column":13},"end":{"line":88,"column":7}},"47":{"start":{"line":85,"column":8},"end":{"line":85,"column":36}},"48":{"start":{"line":87,"column":8},"end":{"line":87,"column":41}},"49":{"start":{"line":92,"column":2},"end":{"line":240,"column":4}},"50":{"start":{"line":128,"column":31},"end":{"line":128,"column":54}},"51":{"start":{"line":132,"column":29},"end":{"line":132,"column":47}},"52":{"start":{"line":133,"column":28},"end":{"line":133,"column":47}},"53":{"start":{"line":164,"column":31},"end":{"line":164,"column":53}},"54":{"start":{"line":169,"column":29},"end":{"line":169,"column":46}},"55":{"start":{"line":170,"column":28},"end":{"line":170,"column":46}},"56":{"start":{"line":205,"column":31},"end":{"line":205,"column":58}},"57":{"start":{"line":210,"column":29},"end":{"line":210,"column":48}},"58":{"start":{"line":211,"column":28},"end":{"line":211,"column":48}}},"fnMap":{"0":{"name":"Register","decl":{"start":{"line":15,"column":9},"end":{"line":15,"column":17}},"loc":{"start":{"line":15,"column":20},"end":{"line":241,"column":1}},"line":15},"1":{"name":"(anonymous_1)","decl":{"start":{"line":33,"column":12},"end":{"line":33,"column":13}},"loc":{"start":{"line":33,"column":18},"end":{"line":35,"column":3}},"line":33},"2":{"name":"(anonymous_2)","decl":{"start":{"line":37,"column":12},"end":{"line":37,"column":13}},"loc":{"start":{"line":37,"column":18},"end":{"line":42,"column":3}},"line":37},"3":{"name":"(anonymous_3)","decl":{"start":{"line":44,"column":12},"end":{"line":44,"column":13}},"loc":{"start":{"line":44,"column":18},"end":{"line":51,"column":3}},"line":44},"4":{"name":"(anonymous_4)","decl":{"start":{"line":53,"column":12},"end":{"line":53,"column":13}},"loc":{"start":{"line":53,"column":18},"end":{"line":55,"column":3}},"line":53},"5":{"name":"handleSubmit","decl":{"start":{"line":57,"column":17},"end":{"line":57,"column":29}},"loc":{"start":{"line":57,"column":33},"end":{"line":90,"column":3}},"line":57},"6":{"name":"(anonymous_6)","decl":{"start":{"line":128,"column":24},"end":{"line":128,"column":25}},"loc":{"start":{"line":128,"column":31},"end":{"line":128,"column":54}},"line":128},"7":{"name":"(anonymous_7)","decl":{"start":{"line":132,"column":23},"end":{"line":132,"column":24}},"loc":{"start":{"line":132,"column":29},"end":{"line":132,"column":47}},"line":132},"8":{"name":"(anonymous_8)","decl":{"start":{"line":133,"column":22},"end":{"line":133,"column":23}},"loc":{"start":{"line":133,"column":28},"end":{"line":133,"column":47}},"line":133},"9":{"name":"(anonymous_9)","decl":{"start":{"line":164,"column":24},"end":{"line":164,"column":25}},"loc":{"start":{"line":164,"column":31},"end":{"line":164,"column":53}},"line":164},"10":{"name":"(anonymous_10)","decl":{"start":{"line":169,"column":23},"end":{"line":169,"column":24}},"loc":{"start":{"line":169,"column":29},"end":{"line":169,"column":46}},"line":169},"11":{"name":"(anonymous_11)","decl":{"start":{"line":170,"column":22},"end":{"line":170,"column":23}},"loc":{"start":{"line":170,"column":28},"end":{"line":170,"column":46}},"line":170},"12":{"name":"(anonymous_12)","decl":{"start":{"line":205,"column":24},"end":{"line":205,"column":25}},"loc":{"start":{"line":205,"column":31},"end":{"line":205,"column":58}},"line":205},"13":{"name":"(anonymous_13)","decl":{"start":{"line":210,"column":23},"end":{"line":210,"column":24}},"loc":{"start":{"line":210,"column":29},"end":{"line":210,"column":48}},"line":210},"14":{"name":"(anonymous_14)","decl":{"start":{"line":211,"column":22},"end":{"line":211,"column":23}},"loc":{"start":{"line":211,"column":28},"end":{"line":211,"column":48}},"line":211}},"branchMap":{"0":{"loc":{"start":{"line":63,"column":4},"end":{"line":66,"column":5}},"type":"if","locations":[{"start":{"line":63,"column":4},"end":{"line":66,"column":5}},{"start":{},"end":{}}],"line":63},"1":{"loc":{"start":{"line":63,"column":8},"end":{"line":63,"column":18}},"type":"binary-expr","locations":[{"start":{"line":63,"column":8},"end":{"line":63,"column":11}},{"start":{"line":63,"column":15},"end":{"line":63,"column":18}}],"line":63},"2":{"loc":{"start":{"line":82,"column":6},"end":{"line":88,"column":7}},"type":"if","locations":[{"start":{"line":82,"column":6},"end":{"line":88,"column":7}},{"start":{"line":84,"column":13},"end":{"line":88,"column":7}}],"line":82},"3":{"loc":{"start":{"line":84,"column":13},"end":{"line":88,"column":7}},"type":"if","locations":[{"start":{"line":84,"column":13},"end":{"line":88,"column":7}},{"start":{"line":86,"column":13},"end":{"line":88,"column":7}}],"line":84},"4":{"loc":{"start":{"line":94,"column":7},"end":{"line":238,"column":7}},"type":"cond-expr","locations":[{"start":{"line":95,"column":8},"end":{"line":100,"column":18}},{"start":{"line":102,"column":8},"end":{"line":237,"column":18}}],"line":94},"5":{"loc":{"start":{"line":105,"column":23},"end":{"line":105,"column":54}},"type":"cond-expr","locations":[{"start":{"line":105,"column":32},"end":{"line":105,"column":40}},{"start":{"line":105,"column":43},"end":{"line":105,"column":54}}],"line":105},"6":{"loc":{"start":{"line":116,"column":27},"end":{"line":116,"column":55}},"type":"cond-expr","locations":[{"start":{"line":116,"column":39},"end":{"line":116,"column":46}},{"start":{"line":116,"column":49},"end":{"line":116,"column":55}}],"line":116},"7":{"loc":{"start":{"line":120,"column":27},"end":{"line":120,"column":66}},"type":"cond-expr","locations":[{"start":{"line":120,"column":48},"end":{"line":120,"column":54}},{"start":{"line":120,"column":57},"end":{"line":120,"column":66}}],"line":120},"8":{"loc":{"start":{"line":120,"column":27},"end":{"line":120,"column":45}},"type":"binary-expr","locations":[{"start":{"line":120,"column":27},"end":{"line":120,"column":36}},{"start":{"line":120,"column":40},"end":{"line":120,"column":45}}],"line":120},"9":{"loc":{"start":{"line":130,"column":28},"end":{"line":130,"column":56}},"type":"cond-expr","locations":[{"start":{"line":130,"column":40},"end":{"line":130,"column":47}},{"start":{"line":130,"column":50},"end":{"line":130,"column":56}}],"line":130},"10":{"loc":{"start":{"line":139,"column":16},"end":{"line":139,"column":78}},"type":"cond-expr","locations":[{"start":{"line":139,"column":50},"end":{"line":139,"column":64}},{"start":{"line":139,"column":67},"end":{"line":139,"column":78}}],"line":139},"11":{"loc":{"start":{"line":139,"column":16},"end":{"line":139,"column":47}},"type":"binary-expr","locations":[{"start":{"line":139,"column":16},"end":{"line":139,"column":25}},{"start":{"line":139,"column":29},"end":{"line":139,"column":33}},{"start":{"line":139,"column":37},"end":{"line":139,"column":47}}],"line":139},"12":{"loc":{"start":{"line":154,"column":27},"end":{"line":154,"column":54}},"type":"cond-expr","locations":[{"start":{"line":154,"column":38},"end":{"line":154,"column":45}},{"start":{"line":154,"column":48},"end":{"line":154,"column":54}}],"line":154},"13":{"loc":{"start":{"line":158,"column":27},"end":{"line":158,"column":64}},"type":"cond-expr","locations":[{"start":{"line":158,"column":46},"end":{"line":158,"column":52}},{"start":{"line":158,"column":55},"end":{"line":158,"column":64}}],"line":158},"14":{"loc":{"start":{"line":158,"column":27},"end":{"line":158,"column":43}},"type":"binary-expr","locations":[{"start":{"line":158,"column":27},"end":{"line":158,"column":35}},{"start":{"line":158,"column":39},"end":{"line":158,"column":43}}],"line":158},"15":{"loc":{"start":{"line":167,"column":28},"end":{"line":167,"column":55}},"type":"cond-expr","locations":[{"start":{"line":167,"column":39},"end":{"line":167,"column":46}},{"start":{"line":167,"column":49},"end":{"line":167,"column":55}}],"line":167},"16":{"loc":{"start":{"line":175,"column":25},"end":{"line":175,"column":77}},"type":"cond-expr","locations":[{"start":{"line":175,"column":49},"end":{"line":175,"column":63}},{"start":{"line":175,"column":66},"end":{"line":175,"column":77}}],"line":175},"17":{"loc":{"start":{"line":175,"column":25},"end":{"line":175,"column":46}},"type":"binary-expr","locations":[{"start":{"line":175,"column":25},"end":{"line":175,"column":33}},{"start":{"line":175,"column":37},"end":{"line":175,"column":46}}],"line":175},"18":{"loc":{"start":{"line":195,"column":27},"end":{"line":195,"column":68}},"type":"cond-expr","locations":[{"start":{"line":195,"column":52},"end":{"line":195,"column":59}},{"start":{"line":195,"column":62},"end":{"line":195,"column":68}}],"line":195},"19":{"loc":{"start":{"line":195,"column":27},"end":{"line":195,"column":49}},"type":"binary-expr","locations":[{"start":{"line":195,"column":27},"end":{"line":195,"column":37}},{"start":{"line":195,"column":41},"end":{"line":195,"column":49}}],"line":195},"20":{"loc":{"start":{"line":199,"column":27},"end":{"line":199,"column":71}},"type":"cond-expr","locations":[{"start":{"line":199,"column":53},"end":{"line":199,"column":59}},{"start":{"line":199,"column":62},"end":{"line":199,"column":71}}],"line":199},"21":{"loc":{"start":{"line":199,"column":27},"end":{"line":199,"column":50}},"type":"binary-expr","locations":[{"start":{"line":199,"column":27},"end":{"line":199,"column":37}},{"start":{"line":199,"column":41},"end":{"line":199,"column":50}}],"line":199},"22":{"loc":{"start":{"line":208,"column":28},"end":{"line":208,"column":57}},"type":"cond-expr","locations":[{"start":{"line":208,"column":41},"end":{"line":208,"column":48}},{"start":{"line":208,"column":51},"end":{"line":208,"column":57}}],"line":208},"23":{"loc":{"start":{"line":217,"column":16},"end":{"line":217,"column":72}},"type":"cond-expr","locations":[{"start":{"line":217,"column":44},"end":{"line":217,"column":58}},{"start":{"line":217,"column":61},"end":{"line":217,"column":72}}],"line":217},"24":{"loc":{"start":{"line":217,"column":16},"end":{"line":217,"column":41}},"type":"binary-expr","locations":[{"start":{"line":217,"column":16},"end":{"line":217,"column":26}},{"start":{"line":217,"column":30},"end":{"line":217,"column":41}}],"line":217},"25":{"loc":{"start":{"line":224,"column":24},"end":{"line":224,"column":77}},"type":"cond-expr","locations":[{"start":{"line":224,"column":65},"end":{"line":224,"column":69}},{"start":{"line":224,"column":72},"end":{"line":224,"column":77}}],"line":224},"26":{"loc":{"start":{"line":224,"column":24},"end":{"line":224,"column":62}},"type":"binary-expr","locations":[{"start":{"line":224,"column":24},"end":{"line":224,"column":34}},{"start":{"line":224,"column":38},"end":{"line":224,"column":47}},{"start":{"line":224,"column":51},"end":{"line":224,"column":62}}],"line":224}},"s":{"0":1,"1":1,"2":1,"3":32,"4":32,"5":32,"6":32,"7":32,"8":32,"9":32,"10":32,"11":32,"12":32,"13":32,"14":32,"15":32,"16":32,"17":5,"18":32,"19":7,"20":7,"21":7,"22":7,"23":32,"24":10,"25":10,"26":10,"27":10,"28":10,"29":10,"30":32,"31":12,"32":1,"33":1,"34":1,"35":1,"36":0,"37":0,"38":1,"39":1,"40":1,"41":1,"42":1,"43":1,"44":0,"45":0,"46":0,"47":0,"48":0,"49":32,"50":2,"51":5,"52":1,"53":3,"54":0,"55":1,"56":2,"57":0,"58":0},"f":{"0":32,"1":5,"2":7,"3":10,"4":12,"5":1,"6":2,"7":5,"8":1,"9":3,"10":0,"11":1,"12":2,"13":0,"14":0},"b":{"0":[0,1],"1":[1,1],"2":[0,0],"3":[0,0],"4":[1,31],"5":[0,31],"6":[5,26],"7":[27,4],"8":[31,26],"9":[5,26],"10":[3,28],"11":[31,25,8],"12":[3,28],"13":[23,8],"14":[31,28],"15":[3,28],"16":[0,31],"17":[31,0],"18":[1,30],"19":[31,14],"20":[28,3],"21":[31,17],"22":[14,17],"23":[0,31],"24":[31,0],"25":[30,1],"26":[31,5,3]},"_coverageSchema":"1a1c01bbd47fc00a2c39e90264f33305004495a9","hash":"28cb51c1cd791d1f1c976c5e72a044cdc17baef9"}
,"/mnt/58DCFCE8DCFCC174/software-testing/src/api/axios.js": {"path":"/mnt/58DCFCE8DCFCC174/software-testing/src/api/axios.js","statementMap":{},"fnMap":{},"branchMap":{},"s":{},"f":{},"b":{},"_coverageSchema":"1a1c01bbd47fc00a2c39e90264f33305004495a9","hash":"7eff60943974234b439716c08100008b445342b0"}
}
