TN:
SF:src\Register.jsx
FN:15,Register
FN:33,(anonymous_1)
FN:37,(anonymous_2)
FN:44,(anonymous_3)
FN:53,(anonymous_4)
FN:57,handleSubmit
FN:128,(anonymous_6)
FN:132,(anonymous_7)
FN:133,(anonymous_8)
FN:164,(anonymous_9)
FN:169,(anonymous_10)
FN:170,(anonymous_11)
FN:205,(anonymous_12)
FN:210,(anonymous_13)
FN:211,(anonymous_14)
FNF:15
FNH:12
FNDA:87,Register
FNDA:12,(anonymous_1)
FNDA:19,(anonymous_2)
FNDA:27,(anonymous_3)
FNDA:34,(anonymous_4)
FNDA:4,handleSubmit
FNDA:7,(anonymous_6)
FNDA:12,(anonymous_7)
FNDA:1,(anonymous_8)
FNDA:9,(anonymous_9)
FNDA:0,(anonymous_10)
FNDA:2,(anonymous_11)
FNDA:6,(anonymous_12)
FNDA:0,(anonymous_13)
FNDA:0,(anonymous_14)
DA:11,1
DA:12,1
DA:13,1
DA:16,87
DA:17,87
DA:19,87
DA:20,87
DA:21,87
DA:23,87
DA:24,87
DA:25,87
DA:27,87
DA:28,87
DA:29,87
DA:31,87
DA:32,87
DA:33,87
DA:34,12
DA:37,87
DA:38,19
DA:39,19
DA:40,19
DA:41,19
DA:44,87
DA:45,27
DA:46,27
DA:47,27
DA:48,27
DA:49,27
DA:50,27
DA:53,87
DA:54,34
DA:58,4
DA:60,4
DA:61,4
DA:63,4
DA:64,0
DA:65,0
DA:68,4
DA:69,4
DA:77,1
DA:78,1
DA:79,1
DA:80,1
DA:82,3
DA:83,1
DA:84,2
DA:85,1
DA:87,1
DA:92,87
DA:128,7
DA:132,12
DA:133,1
DA:164,9
DA:169,0
DA:170,2
DA:205,6
DA:210,0
DA:211,0
LF:59
LH:54
BRDA:63,0,0,0
BRDA:63,0,1,4
BRDA:63,1,0,4
BRDA:63,1,1,4
BRDA:82,2,0,1
BRDA:82,2,1,2
BRDA:84,3,0,1
BRDA:84,3,1,1
BRDA:94,4,0,1
BRDA:94,4,1,86
BRDA:105,5,0,3
BRDA:105,5,1,83
BRDA:116,6,0,26
BRDA:116,6,1,60
BRDA:120,7,0,72
BRDA:120,7,1,14
BRDA:120,8,0,86
BRDA:120,8,1,60
BRDA:130,9,0,26
BRDA:130,9,1,60
BRDA:139,10,0,13
BRDA:139,10,1,73
BRDA:139,11,0,86
BRDA:139,11,1,73
BRDA:139,11,2,39
BRDA:154,12,0,16
BRDA:154,12,1,70
BRDA:158,13,0,67
BRDA:158,13,1,19
BRDA:158,14,0,86
BRDA:158,14,1,70
BRDA:167,15,0,16
BRDA:167,15,1,70
BRDA:175,16,0,0
BRDA:175,16,1,86
BRDA:175,17,0,86
BRDA:175,17,1,0
BRDA:195,18,0,8
BRDA:195,18,1,78
BRDA:195,19,0,86
BRDA:195,19,1,44
BRDA:199,20,0,79
BRDA:199,20,1,7
BRDA:199,21,0,86
BRDA:199,21,1,42
BRDA:208,22,0,44
BRDA:208,22,1,42
BRDA:217,23,0,0
BRDA:217,23,1,86
BRDA:217,24,0,86
BRDA:217,24,1,0
BRDA:224,25,0,79
BRDA:224,25,1,7
BRDA:224,26,0,86
BRDA:224,26,1,26
BRDA:224,26,2,16
BRF:56
BRH:51
end_of_record
TN:
SF:src\api\axios.js
FNF:0
FNH:0
LF:0
LH:0
BRF:0
BRH:0
end_of_record
